<Window title="BoxWindow Test" width="1000" height="600">

    <Box left="0" right="0" top="0" height="27">
        <Feature type="render" by="menu"/>

        <Box left="5" width="100" height="27" top="0" onClick="menu-file">
            <Feature type="render" by="menu-label" text="File"/>
        </Box>
    </Box>

</Window>